<?xml version="1.0" encoding="UTF-8"?>
<testng-results skipped="0" failed="0" total="1" passed="1">
  <reporter-output>
  </reporter-output>
  <suite name="E-Commerce QA Page" duration-ms="61579" started-at="2019-09-06T09:59:13Z" finished-at="2019-09-06T10:00:14Z">
    <groups>
    </groups>
    <test name="E-Commerce Test Cases" duration-ms="61579" started-at="2019-09-06T09:59:13Z" finished-at="2019-09-06T10:00:14Z">
      <class name="com.ecom.test.pages.EComAccountPageTest">
        <test-method status="PASS" signature="setup()[pri:0, instance:com.ecom.test.pages.EComAccountPageTest@7c30a502]" name="setup" is-config="true" duration-ms="53757" started-at="2019-09-06T19:59:13Z" finished-at="2019-09-06T20:00:06Z">
          <reporter-output>
          </reporter-output>
        </test-method> <!-- setup -->
        <test-method status="PASS" signature="shopTshirtsTest()[pri:0, instance:com.ecom.test.pages.EComAccountPageTest@7c30a502]" name="shopTshirtsTest" duration-ms="7804" started-at="2019-09-06T20:00:06Z" finished-at="2019-09-06T20:00:14Z">
          <reporter-output>
          </reporter-output>
        </test-method> <!-- shopTshirtsTest -->
        <test-method status="PASS" signature="tearDown()[pri:0, instance:com.ecom.test.pages.EComAccountPageTest@7c30a502]" name="tearDown" is-config="true" duration-ms="0" started-at="2019-09-06T20:00:14Z" finished-at="2019-09-06T20:00:14Z">
          <reporter-output>
          </reporter-output>
        </test-method> <!-- tearDown -->
      </class> <!-- com.ecom.test.pages.EComAccountPageTest -->
    </test> <!-- E-Commerce Test Cases -->
  </suite> <!-- E-Commerce QA Page -->
</testng-results>
